NinjaUnity/androidBuild/unityLibrary/build/intermediates/manifest_merge_blame_file/debug/manifest-merger-blame-debug-report.txt
1<?xml version="1.0" encoding="utf-8"?>
2<manifest xmlns:android="http://schemas.android.com/apk/res/android"
3    xmlns:tools="http://schemas.android.com/tools"
4    package="com.unity3d.player" >
5
6    <uses-sdk android:minSdkVersion="22" />
6-->src\main\AndroidManifest.xml
7
8    <uses-feature android:glEsVersion="0x00030000" />
8-->src\main\AndroidManifest.xml:19:3-52
8-->src\main\AndroidManifest.xml:19:17-49
9    <uses-feature
9-->src\main\AndroidManifest.xml:20:3-91
10        android:name="android.hardware.vulkan.version"
10-->src\main\AndroidManifest.xml:20:17-63
11        android:required="false" />
11-->src\main\AndroidManifest.xml:20:64-88
12
13    <uses-permission android:name="android.permission.INTERNET" />
13-->src\main\AndroidManifest.xml:21:3-65
13-->src\main\AndroidManifest.xml:21:20-62
14
15    <uses-feature
15-->src\main\AndroidManifest.xml:22:3-88
16        android:name="android.hardware.touchscreen"
16-->src\main\AndroidManifest.xml:22:17-60
17        android:required="false" />
17-->src\main\AndroidManifest.xml:22:61-85
18
19    <application android:extractNativeLibs="true" >
19-->src\main\AndroidManifest.xml:3:3-18:17
19-->src\main\AndroidManifest.xml:3:16-48
20        <activity
20-->src\main\AndroidManifest.xml:4:5-11:16
21            android:name="com.unity3d.player.UnityPlayerActivity"
21-->src\main\AndroidManifest.xml:4:15-68
22            android:configChanges="mcc|mnc|locale|touchscreen|keyboard|keyboardHidden|navigation|orientation|screenLayout|uiMode|screenSize|smallestScreenSize|fontScale|layoutDirection|density"
22-->src\main\AndroidManifest.xml:4:180-361
23            android:hardwareAccelerated="false"
23-->src\main\AndroidManifest.xml:4:397-432
24            android:launchMode="singleTask"
24-->src\main\AndroidManifest.xml:4:148-179
25            android:resizeableActivity="false"
25-->src\main\AndroidManifest.xml:4:362-396
26            android:screenOrientation="fullUser"
26-->src\main\AndroidManifest.xml:4:111-147
27            android:theme="@style/UnityThemeSelector" >
27-->src\main\AndroidManifest.xml:4:69-110
28            <intent-filter>
28-->src\main\AndroidManifest.xml:5:7-8:23
29                <action android:name="android.intent.action.MAIN" />
29-->src\main\AndroidManifest.xml:6:9-61
29-->src\main\AndroidManifest.xml:6:17-58
30
31                <category android:name="android.intent.category.LAUNCHER" />
31-->src\main\AndroidManifest.xml:7:9-69
31-->src\main\AndroidManifest.xml:7:19-66
32            </intent-filter>
33
34            <meta-data
34-->src\main\AndroidManifest.xml:9:7-82
35                android:name="unityplayer.UnityActivity"
35-->src\main\AndroidManifest.xml:9:18-58
36                android:value="true" />
36-->src\main\AndroidManifest.xml:9:59-79
37            <meta-data
37-->src\main\AndroidManifest.xml:10:7-78
38                android:name="android.notch_support"
38-->src\main\AndroidManifest.xml:10:18-54
39                android:value="true" />
39-->src\main\AndroidManifest.xml:10:55-75
40        </activity>
41
42        <meta-data
42-->src\main\AndroidManifest.xml:12:5-69
43            android:name="unity.splash-mode"
43-->src\main\AndroidManifest.xml:12:16-48
44            android:value="0" />
44-->src\main\AndroidManifest.xml:12:49-66
45        <meta-data
45-->src\main\AndroidManifest.xml:13:5-74
46            android:name="unity.splash-enable"
46-->src\main\AndroidManifest.xml:13:16-50
47            android:value="True" />
47-->src\main\AndroidManifest.xml:13:51-71
48        <meta-data
48-->src\main\AndroidManifest.xml:14:5-78
49            android:name="unity.launch-fullscreen"
49-->src\main\AndroidManifest.xml:14:16-54
50            android:value="True" />
50-->src\main\AndroidManifest.xml:14:55-75
51        <meta-data
51-->src\main\AndroidManifest.xml:15:5-84
52            android:name="unity.allow-resizable-window"
52-->src\main\AndroidManifest.xml:15:16-59
53            android:value="False" />
53-->src\main\AndroidManifest.xml:15:60-81
54        <meta-data
54-->src\main\AndroidManifest.xml:16:5-81
55            android:name="notch.config"
55-->src\main\AndroidManifest.xml:16:16-43
56            android:value="portrait|landscape" />
56-->src\main\AndroidManifest.xml:16:44-78
57        <meta-data
57-->src\main\AndroidManifest.xml:17:5-84
58            android:name="unity.auto-report-fully-drawn"
58-->src\main\AndroidManifest.xml:17:16-60
59            android:value="true" />
59-->src\main\AndroidManifest.xml:17:61-81
60    </application>
61
62</manifest>